-------------------------------------------------------------------------------
Test set: com.oracle.assesment.TestSampleAssesmentTest
-------------------------------------------------------------------------------
Tests run: 1, Failures: 1, Errors: 0, Skipped: 0, Time elapsed: 11.801 sec <<< FAILURE! - in com.oracle.assesment.TestSampleAssesmentTest
testOpenLoginPage2()  Time elapsed: 11.513 sec  <<< FAILURE!
org.opentest4j.AssertionFailedError: Current page url mismatch ==> expected: <true> but was: <false>
	at com.oracle.assesment.TestSampleAssesmentTest.Login(TestSampleAssesmentTest.java:236)
	at com.oracle.assesment.TestSampleAssesmentTest.testOpenLoginPage2(TestSampleAssesmentTest.java:140)

